<?xml version="1.0" encoding="UTF-8"?>
<testsuite name="nl.grand.news.text.NewsHandlerTest" tests="1" skipped="0" failures="0" errors="0" timestamp="2025-04-21T16:21:08" hostname="LAPTOP-IKH2VJJP" time="8.366">
  <properties/>
  <testcase name="translate()" classname="nl.grand.news.text.NewsHandlerTest" time="8.366"/>
  <system-out><![CDATA[? ??????? ??????:
FROM: en TO: ru
TEXT: Hello, how are you?
??????, ??? ?????
]]></system-out>
  <system-err><![CDATA[]]></system-err>
</testsuite>
